time="2022-09-29T14:14:14+02:00" level=info msg="Create router" func="main.main()" file="app.go:16"
time="2022-09-29T14:14:14+02:00" level=info msg="Register user handler" func="main.main()" file="app.go:19"
time="2022-09-29T14:15:44+02:00" level=info msg="Create router" func="main.main()" file="app.go:15"
time="2022-09-29T14:15:44+02:00" level=info msg="Register user handler" func="main.main()" file="app.go:18"
time="2022-09-29T14:15:44+02:00" level=trace msg="Start application" func="main.start()" file="app.go:27"
time="2022-09-29T14:15:44+02:00" level=info msg="Server is listening port 0.0.0.0:1234" func="main.start()" file="app.go:39"
time="2022-09-30T21:13:04+02:00" level=info msg="Create router" func="main.main()" file="app.go:20"
time="2022-09-30T21:13:04+02:00" level=info msg="Read application configuration" func="rest-api-tutorial/config.GetConfig.func1()" file="config.go:24"
time="2022-09-30T21:13:04+02:00" level=info msg="Register user handler" func="main.main()" file="app.go:25"
time="2022-09-30T21:13:04+02:00" level=trace msg="Start application" func="main.start()" file="app.go:34"
time="2022-09-30T21:13:04+02:00" level=info msg="Listen tcp" func="main.start()" file="app.go:51"
time="2022-09-30T21:13:04+02:00" level=info msg="Server is listening port 0.0.0.0:10000" func="main.start()" file="app.go:65"
time="2022-09-30T21:18:08+02:00" level=info msg="Create router" func="main.main()" file="app.go:20"
time="2022-09-30T21:18:08+02:00" level=info msg="Read application configuration" func="rest-api-tutorial/config.GetConfig.func1()" file="config.go:24"
time="2022-09-30T21:18:08+02:00" level=info msg="Register user handler" func="main.main()" file="app.go:25"
time="2022-09-30T21:18:08+02:00" level=trace msg="Start application" func="main.start()" file="app.go:34"
time="2022-09-30T21:18:08+02:00" level=info msg="Args /Users/vitaliisokolov/Work/Sandbox/go/rest-api-tutorial/build/go_build_rest_api_tutorial_cmd_main" func="main.start()" file="app.go:40"
time="2022-09-30T21:18:08+02:00" level=info msg="Dir /Users/vitaliisokolov/Work/Sandbox/go/rest-api-tutorial/build" func="main.start()" file="app.go:41"
time="2022-09-30T21:18:08+02:00" level=info msg="Create socket" func="main.start()" file="app.go:46"
time="2022-09-30T21:18:08+02:00" level=info msg="Listen unix socket" func="main.start()" file="app.go:49"
time="2022-09-30T21:18:08+02:00" level=info msg="Server is listening socket /Users/vitaliisokolov/Work/Sandbox/go/rest-api-tutorial/build/app.sock" func="main.start()" file="app.go:51"
time="2022-09-30T21:19:43+02:00" level=info msg="Create router" func="main.main()" file="app.go:20"
time="2022-09-30T21:19:43+02:00" level=info msg="Read application configuration" func="rest-api-tutorial/config.GetConfig.func1()" file="config.go:24"
time="2022-09-30T21:19:43+02:00" level=info msg="Register user handler" func="main.main()" file="app.go:25"
time="2022-09-30T21:19:43+02:00" level=trace msg="Start application" func="main.start()" file="app.go:34"
time="2022-09-30T21:19:43+02:00" level=info msg="Listen tcp" func="main.start()" file="app.go:53"
time="2022-09-30T21:19:43+02:00" level=info msg="Server is listening port 0.0.0.0:10000" func="main.start()" file="app.go:55"
time="2022-09-30T21:25:08+02:00" level=info msg="Create router" func="main.main()" file="app.go:20"
time="2022-09-30T21:25:08+02:00" level=info msg="Read application configuration" func="rest-api-tutorial/config.GetConfig.func1()" file="config.go:24"
time="2022-09-30T21:25:32+02:00" level=info msg="Create router" func="main.main()" file="app.go:20"
time="2022-09-30T21:25:32+02:00" level=info msg="Read application configuration" func="rest-api-tutorial/config.GetConfig.func1()" file="config.go:24"
